github.com/novoseltcev/go-course/cmd/agent/cmd.go:29:					Cmd			0.0%
github.com/novoseltcev/go-course/cmd/agent/cmd.go:95:					initFlags		0.0%
github.com/novoseltcev/go-course/cmd/agent/main.go:12:					init			0.0%
github.com/novoseltcev/go-course/cmd/agent/main.go:26:					main			0.0%
github.com/novoseltcev/go-course/cmd/server/cmd.go:24:					Cmd			0.0%
github.com/novoseltcev/go-course/cmd/server/cmd.go:89:					initFlags		0.0%
github.com/novoseltcev/go-course/cmd/server/main.go:16:					init			0.0%
github.com/novoseltcev/go-course/cmd/server/main.go:30:					main			0.0%
github.com/novoseltcev/go-course/cmd/staticlint/main.go:102:				main			0.0%
github.com/novoseltcev/go-course/internal/agent/app.go:24:				NewApp			0.0%
github.com/novoseltcev/go-course/internal/agent/app.go:28:				Run			0.0%
github.com/novoseltcev/go-course/internal/agent/collectors/core_collector.go:12:	CollectCoreMetrics	77.8%
github.com/novoseltcev/go-course/internal/agent/collectors/runtime_collector.go:11:	CollectRuntimeMetrics	100.0%
github.com/novoseltcev/go-course/internal/agent/config.go:24:				Load			0.0%
github.com/novoseltcev/go-course/internal/agent/config.go:52:				parseRawFields		0.0%
github.com/novoseltcev/go-course/internal/agent/reporters/http.go:45:			WithRetry		100.0%
github.com/novoseltcev/go-course/internal/agent/reporters/http.go:52:			WithEncryption		100.0%
github.com/novoseltcev/go-course/internal/agent/reporters/http.go:59:			WithCompression		100.0%
github.com/novoseltcev/go-course/internal/agent/reporters/http.go:66:			WithCheckSum		100.0%
github.com/novoseltcev/go-course/internal/agent/reporters/http.go:73:			NewHTTPClient		100.0%
github.com/novoseltcev/go-course/internal/agent/reporters/http.go:83:			Report			100.0%
github.com/novoseltcev/go-course/internal/agent/reporters/http.go:96:			prepareData		85.7%
github.com/novoseltcev/go-course/internal/agent/reporters/http.go:123:			send			86.4%
github.com/novoseltcev/go-course/internal/schemas/metrics.go:29:			Validate		73.3%
github.com/novoseltcev/go-course/internal/schemas/metrics.go:70:			Validate		0.0%
github.com/novoseltcev/go-course/internal/server/app.go:30:				NewApp			0.0%
github.com/novoseltcev/go-course/internal/server/app.go:40:				Run			0.0%
github.com/novoseltcev/go-course/internal/server/app.go:84:				configureRouter		0.0%
github.com/novoseltcev/go-course/internal/server/app.go:120:				restore			0.0%
github.com/novoseltcev/go-course/internal/server/backup.go:14:				Backup			0.0%
github.com/novoseltcev/go-course/internal/server/backup.go:29:				BackupWorker		0.0%
github.com/novoseltcev/go-course/internal/server/config.go:25:				Load			0.0%
github.com/novoseltcev/go-course/internal/server/config.go:53:				parseRawFields		0.0%
github.com/novoseltcev/go-course/internal/server/endpoints/get_one.go:18:		GetOneMetric		87.0%
github.com/novoseltcev/go-course/internal/server/endpoints/get_one.go:64:		serialize		83.3%
github.com/novoseltcev/go-course/internal/server/endpoints/get_one_from_json.go:14:	GetOneMetricFromJSON	87.5%
github.com/novoseltcev/go-course/internal/server/endpoints/index.go:16:			Index			90.9%
github.com/novoseltcev/go-course/internal/server/endpoints/router.go:9:			NewAPIRouter		100.0%
github.com/novoseltcev/go-course/internal/server/endpoints/update.go:14:		UpdateMetric		100.0%
github.com/novoseltcev/go-course/internal/server/endpoints/update.go:40:		validateUpdate		100.0%
github.com/novoseltcev/go-course/internal/server/endpoints/update_batch.go:13:		UpdateMetricsBatch	100.0%
github.com/novoseltcev/go-course/internal/server/endpoints/update_from_json.go:13:	UpdateMetricFromJSON	100.0%
github.com/novoseltcev/go-course/internal/storages/mem.go:14:				NewMemStorage		0.0%
github.com/novoseltcev/go-course/internal/storages/mem.go:22:				GetOne			0.0%
github.com/novoseltcev/go-course/internal/storages/mem.go:31:				GetAll			0.0%
github.com/novoseltcev/go-course/internal/storages/mem.go:52:				Save			0.0%
github.com/novoseltcev/go-course/internal/storages/mem.go:63:				SaveBatch		0.0%
github.com/novoseltcev/go-course/internal/storages/pg.go:17:				NewPgStorage		0.0%
github.com/novoseltcev/go-course/internal/storages/pg.go:21:				GetOne			0.0%
github.com/novoseltcev/go-course/internal/storages/pg.go:38:				GetAll			0.0%
github.com/novoseltcev/go-course/internal/storages/pg.go:45:				Save			0.0%
github.com/novoseltcev/go-course/internal/storages/pg.go:65:				SaveBatch		0.0%
github.com/novoseltcev/go-course/pkg/chunkedrsa/factory.go:33:				NewEncryptor		100.0%
github.com/novoseltcev/go-course/pkg/chunkedrsa/factory.go:47:				NewDecryptor		100.0%
github.com/novoseltcev/go-course/pkg/chunkedrsa/key_manager.go:25:			NewKeyManager		100.0%
github.com/novoseltcev/go-course/pkg/chunkedrsa/key_manager.go:30:			NewPublicKeyManager	100.0%
github.com/novoseltcev/go-course/pkg/chunkedrsa/key_manager.go:35:			NewKeyManagerFromFile	100.0%
github.com/novoseltcev/go-course/pkg/chunkedrsa/key_manager.go:62:			MustPrivateKey		100.0%
github.com/novoseltcev/go-course/pkg/chunkedrsa/key_manager.go:71:			MustPublicKey		100.0%
github.com/novoseltcev/go-course/pkg/chunkedrsa/key_manager.go:79:			loadPemBlock		90.9%
github.com/novoseltcev/go-course/pkg/chunkedrsa/pkcs1v15/decryptor.go:15:		NewDecryptor		100.0%
github.com/novoseltcev/go-course/pkg/chunkedrsa/pkcs1v15/decryptor.go:22:		Decrypt			77.8%
github.com/novoseltcev/go-course/pkg/chunkedrsa/pkcs1v15/encryptor.go:15:		NewEncryptor		100.0%
github.com/novoseltcev/go-course/pkg/chunkedrsa/pkcs1v15/encryptor.go:22:		Encrypt			77.8%
github.com/novoseltcev/go-course/pkg/chunkedrsa/utils/chunk.go:4:			SplitToChunks		100.0%
github.com/novoseltcev/go-course/pkg/compress/gzip.go:17:				NewGzip			100.0%
github.com/novoseltcev/go-course/pkg/compress/gzip.go:25:				Compress		66.7%
github.com/novoseltcev/go-course/pkg/compress/gzip.go:44:				Decompress		80.0%
github.com/novoseltcev/go-course/pkg/hash/hmac.go:13:					NewHMAC			100.0%
github.com/novoseltcev/go-course/pkg/hash/hmac.go:20:					GetHash			80.0%
github.com/novoseltcev/go-course/pkg/httpserver/options.go:8:				WithAddr		0.0%
github.com/novoseltcev/go-course/pkg/httpserver/options.go:15:				WithReadTimeout		0.0%
github.com/novoseltcev/go-course/pkg/httpserver/options.go:22:				WithWriteTimeout	0.0%
github.com/novoseltcev/go-course/pkg/httpserver/options.go:29:				WithShutdownTimeout	0.0%
github.com/novoseltcev/go-course/pkg/httpserver/server.go:25:				New			0.0%
github.com/novoseltcev/go-course/pkg/httpserver/server.go:50:				Notify			0.0%
github.com/novoseltcev/go-course/pkg/httpserver/server.go:55:				Shutdown		0.0%
github.com/novoseltcev/go-course/pkg/linters/noexit/analyzer.go:16:			run			90.0%
github.com/novoseltcev/go-course/pkg/linters/noexit/analyzer.go:38:			findExit		100.0%
github.com/novoseltcev/go-course/pkg/linters/noexit/analyzer.go:62:			report			100.0%
github.com/novoseltcev/go-course/pkg/middlewares/checksum.go:22:			CheckSum		72.7%
github.com/novoseltcev/go-course/pkg/middlewares/checksum.go:61:			copyBody		83.3%
github.com/novoseltcev/go-course/pkg/middlewares/decrypt.go:16:				Decrypt			60.0%
github.com/novoseltcev/go-course/pkg/middlewares/gzip.go:18:				Read			100.0%
github.com/novoseltcev/go-course/pkg/middlewares/gzip.go:22:				Close			66.7%
github.com/novoseltcev/go-course/pkg/middlewares/gzip.go:35:				Write			100.0%
github.com/novoseltcev/go-course/pkg/middlewares/gzip.go:43:				Gzip			73.7%
github.com/novoseltcev/go-course/pkg/middlewares/logger.go:22:				Write			0.0%
github.com/novoseltcev/go-course/pkg/middlewares/logger.go:29:				WriteHeader		0.0%
github.com/novoseltcev/go-course/pkg/middlewares/logger.go:37:				Logger			0.0%
github.com/novoseltcev/go-course/pkg/middlewares/sign.go:16:				Write			75.0%
github.com/novoseltcev/go-course/pkg/middlewares/sign.go:30:				Sign			100.0%
github.com/novoseltcev/go-course/pkg/retry/base.go:15:					Do			100.0%
github.com/novoseltcev/go-course/pkg/retry/base.go:38:					DoWithData		100.0%
github.com/novoseltcev/go-course/pkg/retry/options.go:14:				TotalAttempts		100.0%
github.com/novoseltcev/go-course/pkg/retry/options.go:26:				GetAttemptDelay		100.0%
github.com/novoseltcev/go-course/pkg/retry/pg.go:16:					PgExec			100.0%
github.com/novoseltcev/go-course/pkg/retry/pg.go:39:					PgSelect		100.0%
github.com/novoseltcev/go-course/pkg/testutils/helpers/http.go:12:			Webhook			63.6%
github.com/novoseltcev/go-course/pkg/testutils/helpers/http.go:35:			SendRequest		100.0%
github.com/novoseltcev/go-course/pkg/testutils/helpers/http.go:51:			ReadBody		100.0%
github.com/novoseltcev/go-course/pkg/workers/consumer.go:23:				Consumer		100.0%
github.com/novoseltcev/go-course/pkg/workers/consumer.go:53:				AntiFraudConsumer	100.0%
github.com/novoseltcev/go-course/pkg/workers/fan_in.go:14:				FanIn			92.9%
github.com/novoseltcev/go-course/pkg/workers/producer.go:13:				Producer		92.3%
total:											(statements)		54.8%
